[2016-03-28 16:02:29] START
[2016-03-28 16:12:06] EDIT 201564134/views/layout.html: 0
[2016-03-28 16:26:55] EDIT 201564134/models/db.py: 3
[2016-03-28 16:27:04] EDIT 201564134/models/db.py: 0
[2016-03-28 16:29:29] EDIT 201564134/models/db.py: 0
[2016-03-28 16:31:06] EDIT 201564134/models/db.py: 0
[2016-03-28 16:31:26] EDIT 201564134/controllers/default.py: 2
[2016-03-28 16:33:30] EDIT 201564134/views/default/user.html: 12
[2016-03-28 16:34:16] EDIT 201564134/views/default/user.html: 0
[2016-03-28 16:36:54] EDIT 201564134/views/default/user.html: -17
[2016-03-28 16:37:23] EDIT 201564134/views/default/user.html: 0
[2016-03-28 16:51:39] EDIT 201564134/models/db.py: 0
[2016-03-28 16:54:02] EDIT 201564134/controllers/default.py: -2
[2016-03-28 16:58:15] EDIT 201564134/models/menu.py: -91
[2016-03-28 17:14:22] EDIT 201564134/models/menu.py: 0
[2016-03-28 18:01:50] EDIT 201564134/models/db.py: 1
[2016-03-28 18:02:41] EDIT 201564134/models/db.py: 0
[2016-03-28 18:02:41] EDIT 201564134/models/db.py: 0
[2016-03-28 18:45:02] EDIT 201564134/controllers/default.py: 4
[2016-03-28 18:46:08] EDIT 201564134/controllers/default.py: 0
[2016-03-28 18:46:25] EDIT 201564134/controllers/default.py: 0
[2016-03-28 18:47:53] EDIT 201564134/controllers/default.py: -1
[2016-03-28 18:58:35] EDIT 201564134/models/menu.py: 2
[2016-03-28 19:00:07] EDIT 201564134/models/menu.py: 4
[2016-03-28 19:01:07] EDIT 201564134/models/menu.py: 0
[2016-03-28 19:01:35] CREATE default/upload.html: 0
[2016-03-28 19:01:52] CREATE default/myr.html: 0
[2016-03-28 19:03:22] EDIT 201564134/models/menu.py: 0
[2016-03-28 19:03:30] EDIT 201564134/models/menu.py: 0
[2016-03-28 19:05:18] EDIT 201564134/models/menu.py: 0
[2016-03-28 19:05:28] EDIT 201564134/models/menu.py: 0
[2016-03-28 19:05:30] EDIT 201564134/models/menu.py: 0
[2016-03-28 19:05:41] EDIT 201564134/models/menu.py: 0
[2016-03-28 19:08:58] EDIT 201564134/models/menu.py: -6
[2016-03-28 19:09:57] EDIT 201564134/models/menu.py: 0
[2016-03-28 19:10:30] DELETE 201564134/views/default/myr.html: -3
[2016-03-28 19:10:37] DELETE 201564134/views/default/upload.html: -3
[2016-03-28 19:10:47] CREATE myr.html: 0
[2016-03-28 19:11:00] CREATE uploads.html: 0
[2016-03-28 19:11:46] EDIT 201564134/models/menu.py: 0
[2016-03-28 19:12:18] EDIT 201564134/models/menu.py: 0
[2016-03-28 19:12:18] EDIT 201564134/models/menu.py: 0
[2016-03-28 19:12:59] EDIT 201564134/models/menu.py: 0
[2016-03-28 19:15:19] EDIT 201564134/controllers/default.py: 6
[2016-03-28 19:25:39] DELETE 201564134/views/uploads.html: -3
[2016-03-28 19:25:59] CREATE default/upload.html: 0
[2016-03-28 19:26:16] DELETE 201564134/views/myr.html: -3
[2016-03-28 19:26:30] CREATE default/myr.html: 0
[2016-03-28 19:42:10] EDIT 201564134/models/db.py: 2
[2016-03-28 19:42:36] EDIT 201564134/controllers/default.py: 7
[2016-03-28 19:43:30] EDIT 201564134/controllers/default.py: -1
[2016-03-28 19:43:47] EDIT 201564134/controllers/default.py: -4
[2016-03-28 19:43:47] EDIT 201564134/controllers/default.py: 0
[2016-03-28 19:43:48] EDIT 201564134/controllers/default.py: 0
[2016-03-28 19:46:51] EDIT 201564134/controllers/default.py: 2
[2016-03-28 19:46:53] EDIT 201564134/controllers/default.py: 0
[2016-03-28 19:48:52] EDIT 201564134/controllers/default.py: 0
[2016-03-28 19:51:52] EDIT 201564134/models/db.py: -1
[2016-03-28 21:30:47] EDIT 201564134/models/db.py: 0
[2016-03-28 21:32:36] EDIT 201564134/models/db.py: 0
[2016-03-28 21:33:18] EDIT 201564134/models/db.py: 0
[2016-03-28 21:36:04] EDIT 201564134/models/db.py: 0
[2016-03-28 21:37:56] EDIT 201564134/controllers/default.py: 0
[2016-03-28 21:38:10] EDIT 201564134/controllers/default.py: 0
[2016-03-28 21:39:34] EDIT 201564134/controllers/default.py: 0
[2016-03-28 21:40:43] EDIT 201564134/views/default/upload.html: 1
[2016-03-28 21:41:00] EDIT 201564134/views/default/upload.html: -1
[2016-03-28 21:41:16] EDIT 201564134/views/default/upload.html: 0
[2016-03-29 10:19:11] EDIT 201564134/controllers/default.py: 2
[2016-03-29 10:23:14] EDIT 201564134/controllers/default.py: 0
[2016-03-29 10:25:11] EDIT 201564134/controllers/default.py: 0
[2016-03-29 10:34:06] EDIT 201564134/views/default/index.html: -17
[2016-03-29 10:35:20] EDIT 201564134/views/default/index.html: -17
[2016-03-29 10:35:42] EDIT 201564134/views/default/index.html: -20
[2016-03-29 10:36:39] EDIT 201564134/views/default/index.html: -10
[2016-03-29 10:36:47] EDIT 201564134/views/default/index.html: 10
[2016-03-29 10:41:52] EDIT 201564134/views/default/index.html: -1
[2016-03-29 10:42:09] EDIT 201564134/views/default/index.html: 0
[2016-03-29 10:51:08] EDIT 201564134/views/default/index.html: 3
[2016-03-29 10:52:18] EDIT 201564134/views/default/index.html: 1
[2016-03-29 10:57:25] EDIT 201564134/views/default/index.html: 3
[2016-03-29 10:58:17] EDIT 201564134/views/default/index.html: -3
[2016-03-29 11:02:40] EDIT 201564134/views/default/index.html: 2
[2016-03-29 11:02:59] EDIT 201564134/views/default/index.html: 1
[2016-03-29 11:03:29] EDIT 201564134/views/default/index.html: 1
[2016-03-29 11:04:25] EDIT 201564134/views/default/index.html: 0
[2016-03-29 11:15:22] EDIT 201564134/views/default/index.html: 0
[2016-03-29 11:15:44] EDIT 201564134/views/default/index.html: 0
[2016-03-29 11:16:27] EDIT 201564134/views/default/index.html: 0
[2016-03-29 11:18:02] EDIT 201564134/views/default/index.html: 0
[2016-03-29 11:18:17] EDIT 201564134/views/default/index.html: 0
[2016-03-29 11:18:35] EDIT 201564134/views/default/index.html: 0
[2016-03-29 11:18:50] EDIT 201564134/views/default/index.html: 0
[2016-03-29 11:18:56] EDIT 201564134/views/default/index.html: 0
[2016-03-29 11:19:22] EDIT 201564134/views/default/index.html: 0
[2016-03-29 11:19:36] EDIT 201564134/views/default/index.html: 0
[2016-03-29 11:19:45] EDIT 201564134/views/default/index.html: 0
[2016-03-29 11:19:52] EDIT 201564134/views/default/index.html: 0
[2016-03-29 11:19:58] EDIT 201564134/views/default/index.html: 0
[2016-03-29 11:20:14] EDIT 201564134/views/default/index.html: 0
[2016-03-29 11:22:05] EDIT 201564134/views/default/index.html: 0
[2016-03-29 11:22:52] EDIT 201564134/views/default/index.html: -4
[2016-03-29 11:23:17] EDIT 201564134/views/default/index.html: 4
[2016-03-29 11:23:45] EDIT 201564134/views/default/index.html: 0
[2016-03-29 11:23:57] EDIT 201564134/views/default/index.html: 0
[2016-03-29 11:49:28] EDIT 201564134/views/default/index.html: 0
[2016-03-29 12:13:53] EDIT 201564134/controllers/default.py: 0
[2016-03-29 12:17:54] EDIT 201564134/models/db.py: 0
[2016-03-29 12:18:11] EDIT 201564134/models/db.py: 0
[2016-03-29 12:18:19] EDIT 201564134/models/db.py: 0
[2016-03-29 12:18:35] EDIT 201564134/models/db.py: 0
[2016-03-29 12:19:18] EDIT 201564134/models/db.py: 0
[2016-03-29 12:19:27] EDIT 201564134/models/db.py: 0
[2016-03-29 12:20:03] EDIT 201564134/models/db.py: 0
[2016-03-29 12:20:09] EDIT 201564134/models/db.py: 0
[2016-03-29 12:20:23] EDIT 201564134/models/db.py: 0
[2016-03-29 12:20:44] EDIT 201564134/models/db.py: 0
[2016-03-29 12:22:54] EDIT 201564134/views/default/index.html: 0
[2016-03-29 12:23:33] EDIT 201564134/views/default/index.html: 0
[2016-03-29 12:26:13] EDIT 201564134/views/default/index.html: 4
[2016-03-29 12:26:26] EDIT 201564134/views/default/index.html: 0
[2016-03-29 12:28:00] EDIT 201564134/models/db.py: 0
[2016-03-29 12:28:24] EDIT 201564134/controllers/default.py: 0
[2016-03-29 12:29:43] EDIT 201564134/views/default/index.html: 0
[2016-03-29 12:31:57] EDIT 201564134/views/default/index.html: 0
[2016-03-29 12:34:42] EDIT 201564134/views/default/index.html: 0
[2016-03-29 12:35:16] EDIT 201564134/views/default/index.html: 2
[2016-03-29 12:35:42] EDIT 201564134/views/default/index.html: 0
[2016-03-29 12:36:10] EDIT 201564134/views/default/index.html: -2
[2016-03-29 12:37:17] EDIT 201564134/views/default/index.html: 2
[2016-03-29 12:38:52] EDIT 201564134/views/default/index.html: 0
[2016-03-29 12:42:24] EDIT 201564134/controllers/default.py: 2
[2016-03-29 12:43:06] EDIT 201564134/views/default/index.html: 0
[2016-03-29 12:59:34] EDIT 201564134/views/default/index.html: 2
[2016-03-29 12:59:53] EDIT 201564134/controllers/default.py: -2
[2016-03-29 13:02:45] EDIT 201564134/views/default/index.html: 0
[2016-03-29 13:05:32] EDIT 201564134/views/default/index.html: 0
[2016-03-29 13:06:48] EDIT 201564134/views/default/index.html: 0
[2016-03-29 13:08:24] EDIT 201564134/views/default/index.html: 0
[2016-03-29 13:08:31] EDIT 201564134/views/default/index.html: 0
[2016-03-29 13:10:15] EDIT 201564134/views/default/index.html: -5
[2016-03-29 13:11:31] EDIT 201564134/views/default/index.html: 3
[2016-03-29 13:11:53] EDIT 201564134/views/default/index.html: 0
[2016-03-29 13:12:44] EDIT 201564134/views/default/index.html: 0
[2016-03-29 13:13:03] EDIT 201564134/views/default/index.html: 0
[2016-03-29 13:14:35] EDIT 201564134/views/default/index.html: 0
[2016-03-29 13:14:49] EDIT 201564134/views/default/index.html: 0
[2016-03-29 13:15:10] EDIT 201564134/views/default/index.html: 0
[2016-03-29 13:15:29] EDIT 201564134/views/default/index.html: 0
[2016-03-29 13:15:37] EDIT 201564134/views/default/index.html: 0
[2016-03-29 13:17:10] EDIT 201564134/controllers/default.py: 2
[2016-03-29 13:26:10] EDIT 201564134/controllers/default.py: 3
[2016-03-29 13:29:32] EDIT 201564134/controllers/default.py: 0
[2016-03-29 14:39:36] EDIT 201564134/models/db.py: 0
[2016-03-29 14:41:54] EDIT 201564134/models/db.py: 0
[2016-03-29 14:44:30] EDIT 201564134/models/db.py: 0
[2016-03-29 14:48:01] EDIT 201564134/models/db.py: 0
[2016-03-29 14:52:00] EDIT 201564134/models/db.py: 0
[2016-03-29 14:52:57] EDIT 201564134/views/default/upload.html: 0
[2016-03-29 14:55:09] EDIT 201564134/views/default/myr.html: 0
[2016-03-29 14:57:55] EDIT 201564134/views/default/myr.html: 17
[2016-03-29 15:19:19] EDIT 201564134/models/db.py: 0
[2016-03-29 15:19:33] EDIT 201564134/models/db.py: -1
[2016-03-29 15:21:34] EDIT 201564134/models/db.py: 0
[2016-03-29 15:21:44] EDIT 201564134/models/db.py: 0
[2016-03-29 15:38:45] EDIT 201564134/views/default/index.html: 0
[2016-03-29 15:41:30] EDIT 201564134/models/db.py: 0
[2016-03-29 15:41:56] EDIT 201564134/models/db.py: 0
[2016-03-29 15:43:28] EDIT 201564134/models/db.py: 0
[2016-03-29 15:44:43] EDIT 201564134/models/db.py: 0
[2016-03-29 15:45:40] EDIT 201564134/models/db.py: 0
[2016-03-29 15:46:07] EDIT 201564134/models/db.py: 0
[2016-03-29 15:46:46] EDIT 201564134/models/db.py: 0
[2016-03-29 15:58:34] EDIT 201564134/models/db.py: 0
[2016-03-29 15:58:48] EDIT 201564134/models/db.py: 0
[2016-03-29 16:00:36] EDIT 201564134/models/db.py: 0
[2016-03-29 16:01:19] EDIT 201564134/views/default/index.html: -1
[2016-03-29 16:01:33] EDIT 201564134/views/default/index.html: -1
[2016-03-29 16:05:54] EDIT 201564134/views/default/myr.html: 0
[2016-03-29 16:06:17] EDIT 201564134/views/default/myr.html: 0
[2016-03-29 16:06:36] EDIT 201564134/views/default/myr.html: 0
[2016-03-29 16:07:18] EDIT 201564134/controllers/default.py: 0
[2016-03-29 16:09:03] EDIT 201564134/views/default/myr.html: -2
[2016-03-29 16:10:27] EDIT 201564134/views/default/index.html: 2
[2016-03-29 16:10:46] EDIT 201564134/views/default/index.html: 0
[2016-03-29 16:11:23] EDIT 201564134/views/default/index.html: 0
[2016-03-29 16:11:58] EDIT 201564134/views/default/index.html: 0
[2016-03-29 16:16:22] EDIT 201564134/views/default/myr.html: -1
[2016-03-29 16:16:46] EDIT 201564134/views/default/myr.html: -1
[2016-03-29 16:17:04] EDIT 201564134/views/default/myr.html: 1
[2016-03-29 16:22:55] CREATE default/clicking.html: 0
[2016-03-29 16:24:21] EDIT 201564134/views/default/clicking.html: 5
[2016-03-29 16:24:40] EDIT 201564134/views/default/clicking.html: -2
[2016-03-29 16:24:54] EDIT 201564134/views/default/clicking.html: 0
[2016-03-29 16:25:13] EDIT 201564134/views/default/clicking.html: 0
[2016-03-29 16:25:49] EDIT 201564134/views/default/clicking.html: 0
[2016-03-29 16:26:57] EDIT 201564134/views/default/clicking.html: 5
[2016-03-29 16:28:49] EDIT 201564134/views/default/clicking.html: 9
[2016-03-29 16:33:45] EDIT 201564134/views/default/clicking.html: 6
[2016-03-29 16:33:47] EDIT 201564134/views/default/clicking.html: 0
[2016-03-29 16:34:45] EDIT 201564134/views/default/clicking.html: -4
[2016-03-29 16:35:59] EDIT 201564134/views/default/clicking.html: 1
[2016-03-29 16:36:15] EDIT 201564134/views/default/clicking.html: 0
[2016-03-29 16:36:54] EDIT 201564134/views/default/clicking.html: 3
[2016-03-29 16:37:04] EDIT 201564134/views/default/clicking.html: 0
[2016-03-29 16:37:12] EDIT 201564134/views/default/clicking.html: 0
[2016-03-29 16:37:50] EDIT 201564134/views/default/clicking.html: 0
[2016-03-29 16:40:22] EDIT 201564134/views/default/clicking.html: 1
[2016-03-29 17:36:44] EDIT 201564134/controllers/default.py: 11
[2016-03-29 17:43:10] EDIT 201564134/views/default/index.html: 2
[2016-03-29 17:46:12] EDIT 201564134/models/db.py: 1
[2016-03-29 17:47:02] EDIT 201564134/models/db.py: 0
[2016-03-29 18:00:05] EDIT 201564134/views/default/index.html: 0
[2016-03-29 18:06:12] EDIT 201564134/controllers/default.py: 2
[2016-03-29 18:10:02] EDIT 201564134/controllers/default.py: 0
[2016-03-29 18:12:28] EDIT 201564134/controllers/default.py: 0
[2016-03-29 18:13:39] EDIT 201564134/views/default/index.html: 0
[2016-03-29 18:18:05] EDIT 201564134/controllers/default.py: -13
[2016-03-29 18:18:25] EDIT 201564134/models/db.py: -1
[2016-03-29 18:18:49] EDIT 201564134/views/default/index.html: -1
[2016-03-29 18:52:12] EDIT 201564134/controllers/default.py: 11
[2016-03-29 18:52:25] EDIT 201564134/controllers/default.py: 0
[2016-03-29 18:54:41] EDIT 201564134/models/db.py: 4
[2016-03-29 19:01:35] EDIT 201564134/views/default/clicking.html: 9
[2016-03-29 19:04:30] EDIT 201564134/controllers/default.py: 0
[2016-03-29 19:05:10] EDIT 201564134/views/default/clicking.html: 0
[2016-03-29 19:05:57] EDIT 201564134/views/default/clicking.html: 0
[2016-03-29 19:06:22] EDIT 201564134/views/default/clicking.html: 0
[2016-03-29 19:11:49] EDIT 201564134/views/default/clicking.html: 0
[2016-03-29 19:13:47] EDIT 201564134/views/default/clicking.html: 0
[2016-03-29 19:18:01] EDIT 201564134/controllers/default.py: 17
[2016-03-29 19:18:26] EDIT 201564134/views/default/clicking.html: 0
[2016-03-29 19:18:40] EDIT 201564134/views/default/clicking.html: 0
[2016-03-29 19:19:39] EDIT 201564134/views/default/clicking.html: 0
[2016-03-29 19:22:57] EDIT 201564134/controllers/default.py: 0
[2016-03-29 19:24:09] EDIT 201564134/controllers/default.py: -2
[2016-03-29 19:27:08] EDIT 201564134/views/default/clicking.html: -9
[2016-03-29 19:28:52] EDIT 201564134/views/default/clicking.html: 0
[2016-03-29 19:29:13] EDIT 201564134/views/default/clicking.html: 0
[2016-03-29 19:30:06] EDIT 201564134/views/default/clicking.html: 0
[2016-03-29 19:31:00] EDIT 201564134/views/default/index.html: 0
[2016-03-29 19:31:33] EDIT 201564134/views/default/index.html: 0
[2016-03-29 19:32:53] EDIT 201564134/views/default/clicking.html: 0
[2016-03-29 19:33:13] EDIT 201564134/views/default/clicking.html: 0
[2016-03-29 19:33:23] EDIT 201564134/views/default/clicking.html: 0
[2016-03-29 19:33:35] EDIT 201564134/views/default/clicking.html: 1
[2016-03-29 19:33:59] EDIT 201564134/views/default/clicking.html: 0
[2016-03-29 19:35:24] EDIT 201564134/views/default/clicking.html: -1
[2016-03-29 19:35:47] EDIT 201564134/views/default/clicking.html: 0
[2016-03-29 19:36:07] EDIT 201564134/views/default/clicking.html: 0
[2016-03-29 19:36:22] EDIT 201564134/views/default/clicking.html: 3
[2016-03-29 19:36:52] EDIT 201564134/views/default/clicking.html: 0
[2016-03-29 19:37:02] EDIT 201564134/views/default/clicking.html: 0
[2016-03-29 19:39:56] EDIT 201564134/views/default/index.html: -1
[2016-03-29 19:40:24] EDIT 201564134/views/default/index.html: 0
[2016-03-29 19:40:48] EDIT 201564134/views/default/index.html: -1
[2016-03-29 19:43:24] EDIT 201564134/models/menu.py: -3
[2016-03-29 19:48:02] EDIT 201564134/views/default/index.html: 0
[2016-03-29 19:49:35] EDIT 201564134/views/layout.html: 3
[2016-03-29 19:49:58] EDIT 201564134/views/layout.html: 2
[2016-03-29 20:00:24] EDIT 201564134/models/menu.py: 0
[2016-03-29 20:01:00] EDIT 201564134/views/default/upload.html: 0
[2016-03-29 20:02:29] EDIT 201564134/views/default/index.html: 0
[2016-03-29 20:09:30] EDIT 201564134/views/default/myr.html: 0
[2016-03-29 20:13:21] EDIT 201564134/views/default/clicking.html: 1
[2016-03-29 20:13:35] EDIT 201564134/views/default/clicking.html: 0
[2016-03-29 20:13:55] EDIT 201564134/views/default/clicking.html: 0
[2016-03-29 20:14:19] EDIT 201564134/views/default/clicking.html: 0
[2016-04-05 22:38:43] EDIT 201564134/controllers/default.py: -1
